  [1m[35m (0.0ms)[0m  [1m[34mSELECT sqlite_version(*)[0m
  [1m[35m (265.6ms)[0m  [1m[35mCREATE TABLE "schema_migrations" ("version" varchar NOT NULL PRIMARY KEY)[0m
  [1m[35m (312.5ms)[0m  [1m[35mCREATE TABLE "ar_internal_metadata" ("key" varchar NOT NULL PRIMARY KEY, "value" varchar, "created_at" datetime NOT NULL, "updated_at" datetime NOT NULL)[0m
  [1m[35m (0.0ms)[0m  [1m[34mSELECT "schema_migrations"."version" FROM "schema_migrations" ORDER BY "schema_migrations"."version" ASC[0m
Migrating to CreateCompras (20170531191327)
  [1m[35m (0.0ms)[0m  [1m[36mbegin transaction[0m
  [1m[35m (0.0ms)[0m  [1m[35mCREATE TABLE "compras" ("id" INTEGER PRIMARY KEY AUTOINCREMENT NOT NULL, "fecha_compra" date, "monto" float, "cliente" text, "created_at" datetime NOT NULL, "updated_at" datetime NOT NULL)[0m
  [1m[35mSQL (0.0ms)[0m  [1m[32mINSERT INTO "schema_migrations" ("version") VALUES (?)[0m  [["version", "20170531191327"]]
  [1m[35m (296.9ms)[0m  [1m[36mcommit transaction[0m
  [1m[36mActiveRecord::InternalMetadata Load (0.0ms)[0m  [1m[34mSELECT  "ar_internal_metadata".* FROM "ar_internal_metadata" WHERE "ar_internal_metadata"."key" = ? LIMIT ?[0m  [["key", "environment"], ["LIMIT", 1]]
  [1m[35m (0.0ms)[0m  [1m[36mbegin transaction[0m
  [1m[35mSQL (15.8ms)[0m  [1m[32mINSERT INTO "ar_internal_metadata" ("key", "value", "created_at", "updated_at") VALUES (?, ?, ?, ?)[0m  [["key", "environment"], ["value", "development"], ["created_at", "2017-05-31 19:13:52.028983"], ["updated_at", "2017-05-31 19:13:52.028983"]]
  [1m[35m (140.6ms)[0m  [1m[36mcommit transaction[0m
  [1m[35m (0.0ms)[0m  [1m[34mSELECT "schema_migrations"."version" FROM "schema_migrations" ORDER BY "schema_migrations"."version" ASC[0m
Started GET "/" for 127.0.0.1 at 2017-05-31 14:16:20 -0500
  [1m[35m (1.0ms)[0m  [1m[34mSELECT "schema_migrations"."version" FROM "schema_migrations" ORDER BY "schema_migrations"."version" ASC[0m
Processing by Rails::WelcomeController#index as HTML
  Rendering C:/RailsInstaller/Ruby2.3.0/lib/ruby/gems/2.3.0/gems/railties-5.1.1/lib/rails/templates/rails/welcome/index.html.erb
  Rendered C:/RailsInstaller/Ruby2.3.0/lib/ruby/gems/2.3.0/gems/railties-5.1.1/lib/rails/templates/rails/welcome/index.html.erb (46.1ms)
Completed 200 OK in 581ms (Views: 294.7ms | ActiveRecord: 0.0ms)


Started GET "/compras" for 127.0.0.1 at 2017-05-31 14:16:39 -0500
Processing by ComprasController#index as HTML
  Rendering compras/index.html.erb within layouts/application
  [1m[36mCompra Load (1.0ms)[0m  [1m[34mSELECT "compras".* FROM "compras"[0m
  Rendered compras/index.html.erb within layouts/application (11.0ms)
Completed 500 Internal Server Error in 3360ms (ActiveRecord: 4.0ms)


  
ActionView::Template::Error (TypeError: El objeto no acepta esta propiedad o método):
    4:     <title>Scaffold2</title>
    5:     <%= csrf_meta_tags %>
    6: 
    7:     <%= stylesheet_link_tag    'application', media: 'all', 'data-turbolinks-track': 'reload' %>
    8:     <%= javascript_include_tag 'application', 'data-turbolinks-track': 'reload' %>
    9:   </head>
   10: 
  
app/views/layouts/application.html.erb:7:in `_app_views_layouts_application_html_erb__534747434_57330432'
Started GET "/compras" for 127.0.0.1 at 2017-05-31 14:20:37 -0500
Processing by ComprasController#index as HTML
  Rendering compras/index.html.erb within layouts/application
  [1m[36mCompra Load (1.0ms)[0m  [1m[34mSELECT "compras".* FROM "compras"[0m
  Rendered compras/index.html.erb within layouts/application (5.0ms)
Completed 200 OK in 572ms (Views: 514.1ms | ActiveRecord: 1.0ms)


Started GET "/compras/new" for 127.0.0.1 at 2017-05-31 14:22:18 -0500
Processing by ComprasController#new as HTML
  Rendering compras/new.html.erb within layouts/application
  Rendered compras/_form.html.erb (971.4ms) [cache miss]
  Rendered compras/new.html.erb within layouts/application (1033.5ms)
Completed 200 OK in 1501ms (Views: 1398.7ms | ActiveRecord: 6.0ms)


Started POST "/compras" for 127.0.0.1 at 2017-05-31 14:22:48 -0500
Processing by ComprasController#create as HTML
  Parameters: {"utf8"=>"✓", "authenticity_token"=>"0zDR3+OaqUuY6vVcHC3WMGIAJpwcnhQeoXPKO3ZERuT8TiPLZ+4Hm5pKodwUtYJX3bzxTamJ9Ux8gFjxO2KviQ==", "compra"=>{"fecha_compra(1i)"=>"2017", "fecha_compra(2i)"=>"5", "fecha_compra(3i)"=>"31", "monto"=>"12", "cliente"=>"luis"}, "commit"=>"Create Compra"}
  [1m[35m (1.0ms)[0m  [1m[36mbegin transaction[0m
  [1m[35mSQL (2.0ms)[0m  [1m[32mINSERT INTO "compras" ("fecha_compra", "monto", "cliente", "created_at", "updated_at") VALUES (?, ?, ?, ?, ?)[0m  [["fecha_compra", "2017-05-31"], ["monto", 12.0], ["cliente", "luis"], ["created_at", "2017-05-31 19:22:48.643408"], ["updated_at", "2017-05-31 19:22:48.643408"]]
  [1m[35m (175.3ms)[0m  [1m[36mcommit transaction[0m
Redirected to http://localhost:3000/compras/1
Completed 302 Found in 193ms (ActiveRecord: 178.3ms)


Started GET "/compras/1" for 127.0.0.1 at 2017-05-31 14:22:48 -0500
Processing by ComprasController#show as HTML
  Parameters: {"id"=>"1"}
  [1m[36mCompra Load (1.0ms)[0m  [1m[34mSELECT  "compras".* FROM "compras" WHERE "compras"."id" = ? LIMIT ?[0m  [["id", 1], ["LIMIT", 1]]
  Rendering compras/show.html.erb within layouts/application
  Rendered compras/show.html.erb within layouts/application (3.0ms)
Completed 200 OK in 422ms (Views: 279.8ms | ActiveRecord: 1.0ms)


Started GET "/compras" for 127.0.0.1 at 2017-05-31 14:22:56 -0500
Processing by ComprasController#index as HTML
  Rendering compras/index.html.erb within layouts/application
  [1m[36mCompra Load (1.0ms)[0m  [1m[34mSELECT "compras".* FROM "compras"[0m
  Rendered compras/index.html.erb within layouts/application (5.0ms)
Completed 200 OK in 292ms (Views: 240.7ms | ActiveRecord: 1.0ms)


Started GET "/compras" for 127.0.0.1 at 2017-05-31 14:31:50 -0500
  [1m[35m (1.0ms)[0m  [1m[34mSELECT "schema_migrations"."version" FROM "schema_migrations" ORDER BY "schema_migrations"."version" ASC[0m
Processing by ComprasController#index as HTML
  Rendering compras/index.html.erb within layouts/application
  [1m[36mCompra Load (0.0ms)[0m  [1m[34mSELECT "compras".* FROM "compras"[0m
  Rendered compras/index.html.erb within layouts/application (48.1ms)
Completed 200 OK in 45341ms (Views: 45249.8ms | ActiveRecord: 3.0ms)


  [1m[35m (1.0ms)[0m  [1m[34mSELECT "schema_migrations"."version" FROM "schema_migrations" ORDER BY "schema_migrations"."version" ASC[0m
  [1m[36mActiveRecord::InternalMetadata Load (1.0ms)[0m  [1m[34mSELECT  "ar_internal_metadata".* FROM "ar_internal_metadata" WHERE "ar_internal_metadata"."key" = ? LIMIT ?[0m  [["key", "environment"], ["LIMIT", 1]]
  [1m[35m (0.0ms)[0m  [1m[36mbegin transaction[0m
  [1m[35m (0.0ms)[0m  [1m[36mcommit transaction[0m
  [1m[35m (1.0ms)[0m  [1m[34mSELECT "schema_migrations"."version" FROM "schema_migrations" ORDER BY "schema_migrations"."version" ASC[0m
Started GET "/pigs" for 127.0.0.1 at 2017-06-01 00:52:35 -0500
  [1m[35m (1.0ms)[0m  [1m[34mSELECT "schema_migrations"."version" FROM "schema_migrations" ORDER BY "schema_migrations"."version" ASC[0m
  
ActionController::RoutingError (No route matches [GET] "/pigs"):
  
actionpack (5.1.1) lib/action_dispatch/middleware/debug_exceptions.rb:63:in `call'
web-console (3.5.1) lib/web_console/middleware.rb:135:in `call_app'
web-console (3.5.1) lib/web_console/middleware.rb:28:in `block in call'
web-console (3.5.1) lib/web_console/middleware.rb:18:in `catch'
web-console (3.5.1) lib/web_console/middleware.rb:18:in `call'
actionpack (5.1.1) lib/action_dispatch/middleware/show_exceptions.rb:31:in `call'
railties (5.1.1) lib/rails/rack/logger.rb:36:in `call_app'
railties (5.1.1) lib/rails/rack/logger.rb:24:in `block in call'
activesupport (5.1.1) lib/active_support/tagged_logging.rb:69:in `block in tagged'
activesupport (5.1.1) lib/active_support/tagged_logging.rb:26:in `tagged'
activesupport (5.1.1) lib/active_support/tagged_logging.rb:69:in `tagged'
railties (5.1.1) lib/rails/rack/logger.rb:24:in `call'
sprockets-rails (3.2.0) lib/sprockets/rails/quiet_assets.rb:13:in `call'
actionpack (5.1.1) lib/action_dispatch/middleware/remote_ip.rb:79:in `call'
actionpack (5.1.1) lib/action_dispatch/middleware/request_id.rb:25:in `call'
rack (2.0.3) lib/rack/method_override.rb:22:in `call'
rack (2.0.3) lib/rack/runtime.rb:22:in `call'
activesupport (5.1.1) lib/active_support/cache/strategy/local_cache_middleware.rb:27:in `call'
actionpack (5.1.1) lib/action_dispatch/middleware/executor.rb:12:in `call'
actionpack (5.1.1) lib/action_dispatch/middleware/static.rb:125:in `call'
rack (2.0.3) lib/rack/sendfile.rb:111:in `call'
railties (5.1.1) lib/rails/engine.rb:522:in `call'
puma (3.8.2) lib/puma/configuration.rb:224:in `call'
puma (3.8.2) lib/puma/server.rb:600:in `handle_request'
puma (3.8.2) lib/puma/server.rb:435:in `process_client'
puma (3.8.2) lib/puma/server.rb:299:in `block in run'
puma (3.8.2) lib/puma/thread_pool.rb:120:in `block in spawn_thread'
Started GET "/compras" for 127.0.0.1 at 2017-06-01 00:53:40 -0500
Processing by ComprasController#index as HTML
  Rendering compras/index.html.erb within layouts/application
  [1m[36mCompra Load (1.0ms)[0m  [1m[34mSELECT "compras".* FROM "compras"[0m
  Rendered compras/index.html.erb within layouts/application (48.1ms)
Completed 200 OK in 4319ms (Views: 4162.2ms | ActiveRecord: 5.0ms)


Started GET "/compras" for 127.0.0.1 at 2017-06-01 00:58:08 -0500
Processing by ComprasController#index as HTML
  Rendering compras/index.html.erb within layouts/application
  [1m[36mCompra Load (0.0ms)[0m  [1m[34mSELECT "compras".* FROM "compras"[0m
  Rendered compras/index.html.erb within layouts/application (5.0ms)
Completed 200 OK in 870ms (Views: 779.0ms | ActiveRecord: 0.0ms)


Started GET "/compras" for 127.0.0.1 at 2017-06-01 01:02:02 -0500
Processing by ComprasController#index as HTML
  Rendering compras/index.html.erb within layouts/application
  [1m[36mCompra Load (1.0ms)[0m  [1m[34mSELECT "compras".* FROM "compras"[0m
  Rendered compras/index.html.erb within layouts/application (5.0ms)
Completed 200 OK in 714ms (Views: 599.5ms | ActiveRecord: 1.0ms)


Started GET "/compras" for 127.0.0.1 at 2017-06-01 01:06:03 -0500
Processing by ComprasController#index as HTML
  Rendering compras/index.html.erb within layouts/application
  [1m[36mCompra Load (1.0ms)[0m  [1m[34mSELECT "compras".* FROM "compras"[0m
  Rendered compras/index.html.erb within layouts/application (7.0ms)
Completed 200 OK in 748ms (Views: 668.4ms | ActiveRecord: 1.0ms)


Started GET "/compras" for 127.0.0.1 at 2017-06-01 01:06:49 -0500
Processing by ComprasController#index as HTML
  Rendering compras/index.html.erb within layouts/application
  [1m[36mCompra Load (1.0ms)[0m  [1m[34mSELECT "compras".* FROM "compras"[0m
  Rendered compras/index.html.erb within layouts/application (8.0ms)
Completed 200 OK in 884ms (Views: 758.9ms | ActiveRecord: 1.0ms)


Started GET "/compras" for 127.0.0.1 at 2017-06-01 01:07:40 -0500
Processing by ComprasController#index as HTML
  Rendering compras/index.html.erb within layouts/application
  [1m[36mCompra Load (0.0ms)[0m  [1m[34mSELECT "compras".* FROM "compras"[0m
  Rendered compras/index.html.erb within layouts/application (6.0ms)
Completed 200 OK in 763ms (Views: 678.0ms | ActiveRecord: 0.0ms)


Started GET "/compras" for 127.0.0.1 at 2017-06-01 01:07:57 -0500
Processing by ComprasController#index as HTML
  Rendering compras/index.html.erb within layouts/application
  [1m[36mCompra Load (2.0ms)[0m  [1m[34mSELECT "compras".* FROM "compras"[0m
  Rendered compras/index.html.erb within layouts/application (13.0ms)
Completed 200 OK in 850ms (Views: 764.0ms | ActiveRecord: 2.0ms)


Started GET "/compras" for 127.0.0.1 at 2017-06-01 01:08:31 -0500
Processing by ComprasController#index as HTML
  Rendering compras/index.html.erb within layouts/application
  [1m[36mCompra Load (0.0ms)[0m  [1m[34mSELECT "compras".* FROM "compras"[0m
  Rendered compras/index.html.erb within layouts/application (6.0ms)
Completed 200 OK in 799ms (Views: 718.0ms | ActiveRecord: 0.0ms)


Started GET "/compras" for 127.0.0.1 at 2017-06-01 01:09:19 -0500
Processing by ComprasController#index as HTML
  Rendering compras/index.html.erb within layouts/application
  [1m[36mCompra Load (1.0ms)[0m  [1m[34mSELECT "compras".* FROM "compras"[0m
  Rendered compras/index.html.erb within layouts/application (7.0ms)
Completed 200 OK in 868ms (Views: 797.0ms | ActiveRecord: 1.0ms)


Started GET "/compras" for 127.0.0.1 at 2017-06-01 01:09:54 -0500
Processing by ComprasController#index as HTML
  Rendering compras/index.html.erb within layouts/application
  [1m[36mCompra Load (1.0ms)[0m  [1m[34mSELECT "compras".* FROM "compras"[0m
  Rendered compras/index.html.erb within layouts/application (6.0ms)
Completed 200 OK in 770ms (Views: 672.9ms | ActiveRecord: 1.0ms)


Started GET "/compras" for 127.0.0.1 at 2017-06-01 01:11:45 -0500
Processing by ComprasController#index as HTML
  Rendering compras/index.html.erb within layouts/application
  [1m[36mCompra Load (0.0ms)[0m  [1m[34mSELECT "compras".* FROM "compras"[0m
  Rendered compras/index.html.erb within layouts/application (5.0ms)
Completed 200 OK in 915ms (Views: 838.9ms | ActiveRecord: 0.0ms)


Started GET "/compras/new" for 127.0.0.1 at 2017-06-01 01:11:52 -0500
Processing by ComprasController#new as HTML
  Rendering compras/new.html.erb within layouts/application
  Rendered compras/_form.html.erb (391.5ms) [cache miss]
  Rendered compras/new.html.erb within layouts/application (474.6ms)
Completed 200 OK in 1132ms (Views: 1053.4ms | ActiveRecord: 0.0ms)


Started POST "/compras" for 127.0.0.1 at 2017-06-01 01:12:17 -0500
Processing by ComprasController#create as HTML
  Parameters: {"utf8"=>"✓", "authenticity_token"=>"v1P9mCYOAzJLbwSa6wfIWSZgpn19F3R3I4PLYLl/0coQcNNqYIF+WBYtt8tutUJVoFC6M000Ywl9TZCFuEwwGA==", "compra"=>{"fecha_compra(1i)"=>"2014", "fecha_compra(2i)"=>"10", "fecha_compra(3i)"=>"1", "monto"=>"42", "cliente"=>"Gerardo"}, "commit"=>"Create Compra"}
  [1m[35m (1.0ms)[0m  [1m[36mbegin transaction[0m
  [1m[35mSQL (2.0ms)[0m  [1m[32mINSERT INTO "compras" ("fecha_compra", "monto", "cliente", "created_at", "updated_at") VALUES (?, ?, ?, ?, ?)[0m  [["fecha_compra", "2014-10-01"], ["monto", 42.0], ["cliente", "Gerardo"], ["created_at", "2017-06-01 06:12:17.553298"], ["updated_at", "2017-06-01 06:12:17.553298"]]
  [1m[35m (84.1ms)[0m  [1m[36mcommit transaction[0m
Redirected to http://localhost:3000/compras/2
Completed 302 Found in 108ms (ActiveRecord: 87.1ms)


Started GET "/compras/2" for 127.0.0.1 at 2017-06-01 01:12:17 -0500
Processing by ComprasController#show as HTML
  Parameters: {"id"=>"2"}
  [1m[36mCompra Load (2.0ms)[0m  [1m[34mSELECT  "compras".* FROM "compras" WHERE "compras"."id" = ? LIMIT ?[0m  [["id", 2], ["LIMIT", 1]]
  Rendering compras/show.html.erb within layouts/application
  Rendered compras/show.html.erb within layouts/application (2.0ms)
Completed 200 OK in 851ms (Views: 737.4ms | ActiveRecord: 2.0ms)


Started GET "/compras" for 127.0.0.1 at 2017-06-01 01:12:24 -0500
Processing by ComprasController#index as HTML
  Rendering compras/index.html.erb within layouts/application
  [1m[36mCompra Load (1.0ms)[0m  [1m[34mSELECT "compras".* FROM "compras"[0m
  Rendered compras/index.html.erb within layouts/application (6.0ms)
Completed 200 OK in 672ms (Views: 618.0ms | ActiveRecord: 1.0ms)


Started GET "/compras/1" for 127.0.0.1 at 2017-06-01 01:28:54 -0500
Processing by ComprasController#show as HTML
  Parameters: {"id"=>"1"}
  [1m[36mCompra Load (0.0ms)[0m  [1m[34mSELECT  "compras".* FROM "compras" WHERE "compras"."id" = ? LIMIT ?[0m  [["id", 1], ["LIMIT", 1]]
  Rendering compras/show.html.erb within layouts/application
  Rendered compras/show.html.erb within layouts/application (2.0ms)
Completed 200 OK in 752ms (Views: 693.8ms | ActiveRecord: 0.0ms)


Started GET "/compras/1" for 127.0.0.1 at 2017-06-01 01:29:06 -0500
Processing by ComprasController#show as HTML
  Parameters: {"id"=>"1"}
  [1m[36mCompra Load (1.0ms)[0m  [1m[34mSELECT  "compras".* FROM "compras" WHERE "compras"."id" = ? LIMIT ?[0m  [["id", 1], ["LIMIT", 1]]
  Rendering compras/show.html.erb within layouts/application
  Rendered compras/show.html.erb within layouts/application (3.0ms)
Completed 200 OK in 1150ms (Views: 1043.1ms | ActiveRecord: 1.0ms)


Started GET "/compras/1" for 127.0.0.1 at 2017-06-01 01:29:48 -0500
Processing by ComprasController#show as HTML
  Parameters: {"id"=>"1"}
  [1m[36mCompra Load (0.0ms)[0m  [1m[34mSELECT  "compras".* FROM "compras" WHERE "compras"."id" = ? LIMIT ?[0m  [["id", 1], ["LIMIT", 1]]
  Rendering compras/show.html.erb within layouts/application
  Rendered compras/show.html.erb within layouts/application (2.0ms)
Completed 200 OK in 750ms (Views: 663.7ms | ActiveRecord: 0.0ms)


Started GET "/compras/1" for 127.0.0.1 at 2017-06-01 01:29:52 -0500
Processing by ComprasController#show as HTML
  Parameters: {"id"=>"1"}
  [1m[36mCompra Load (1.0ms)[0m  [1m[34mSELECT  "compras".* FROM "compras" WHERE "compras"."id" = ? LIMIT ?[0m  [["id", 1], ["LIMIT", 1]]
  Rendering compras/show.html.erb within layouts/application
  Rendered compras/show.html.erb within layouts/application (2.0ms)
Completed 200 OK in 706ms (Views: 648.2ms | ActiveRecord: 1.0ms)


Started GET "/compras/1" for 127.0.0.1 at 2017-06-01 01:30:24 -0500
Processing by ComprasController#show as HTML
  Parameters: {"id"=>"1"}
  [1m[36mCompra Load (0.0ms)[0m  [1m[34mSELECT  "compras".* FROM "compras" WHERE "compras"."id" = ? LIMIT ?[0m  [["id", 1], ["LIMIT", 1]]
  Rendering compras/show.html.erb within layouts/application
  Rendered compras/show.html.erb within layouts/application (4.0ms)
Completed 200 OK in 776ms (Views: 661.5ms | ActiveRecord: 0.0ms)


Started GET "/compras/1" for 127.0.0.1 at 2017-06-01 01:30:51 -0500
Processing by ComprasController#show as HTML
  Parameters: {"id"=>"1"}
  [1m[36mCompra Load (2.0ms)[0m  [1m[34mSELECT  "compras".* FROM "compras" WHERE "compras"."id" = ? LIMIT ?[0m  [["id", 1], ["LIMIT", 1]]
  Rendering compras/show.html.erb within layouts/application
  Rendered compras/show.html.erb within layouts/application (2.0ms)
Completed 200 OK in 843ms (Views: 760.7ms | ActiveRecord: 2.0ms)


Started GET "/compras/1" for 127.0.0.1 at 2017-06-01 01:31:33 -0500
Processing by ComprasController#show as HTML
  Parameters: {"id"=>"1"}
  [1m[36mCompra Load (1.0ms)[0m  [1m[34mSELECT  "compras".* FROM "compras" WHERE "compras"."id" = ? LIMIT ?[0m  [["id", 1], ["LIMIT", 1]]
  Rendering compras/show.html.erb within layouts/application
  Rendered compras/show.html.erb within layouts/application (2.0ms)
Completed 200 OK in 953ms (Views: 826.3ms | ActiveRecord: 1.0ms)


Started GET "/compras/1" for 127.0.0.1 at 2017-06-01 01:32:38 -0500
Processing by ComprasController#show as HTML
  Parameters: {"id"=>"1"}
  [1m[36mCompra Load (1.0ms)[0m  [1m[34mSELECT  "compras".* FROM "compras" WHERE "compras"."id" = ? LIMIT ?[0m  [["id", 1], ["LIMIT", 1]]
  Rendering compras/show.html.erb within layouts/application
  Rendered compras/show.html.erb within layouts/application (2.0ms)
Completed 200 OK in 735ms (Views: 674.8ms | ActiveRecord: 1.0ms)


Started GET "/compras/1" for 127.0.0.1 at 2017-06-01 01:33:01 -0500
Processing by ComprasController#show as HTML
  Parameters: {"id"=>"1"}
  [1m[36mCompra Load (1.0ms)[0m  [1m[34mSELECT  "compras".* FROM "compras" WHERE "compras"."id" = ? LIMIT ?[0m  [["id", 1], ["LIMIT", 1]]
  Rendering compras/show.html.erb within layouts/application
  Rendered compras/show.html.erb within layouts/application (3.0ms)
Completed 200 OK in 1027ms (Views: 911.0ms | ActiveRecord: 1.0ms)


Started GET "/compras" for 127.0.0.1 at 2017-06-01 01:33:08 -0500
Processing by ComprasController#index as HTML
  Rendering compras/index.html.erb within layouts/application
  [1m[36mCompra Load (1.0ms)[0m  [1m[34mSELECT "compras".* FROM "compras"[0m
  Rendered compras/index.html.erb within layouts/application (8.0ms)
Completed 200 OK in 691ms (Views: 631.8ms | ActiveRecord: 1.0ms)


Started GET "/compras/1/edit" for 127.0.0.1 at 2017-06-01 01:33:11 -0500
Processing by ComprasController#edit as HTML
  Parameters: {"id"=>"1"}
  [1m[36mCompra Load (2.0ms)[0m  [1m[34mSELECT  "compras".* FROM "compras" WHERE "compras"."id" = ? LIMIT ?[0m  [["id", 1], ["LIMIT", 1]]
  Rendering compras/edit.html.erb within layouts/application
  Rendered compras/_form.html.erb (14.0ms) [cache miss]
  Rendered compras/edit.html.erb within layouts/application (71.1ms)
Completed 200 OK in 811ms (Views: 723.6ms | ActiveRecord: 2.0ms)


Started GET "/compras/1" for 127.0.0.1 at 2017-06-01 01:33:18 -0500
Processing by ComprasController#show as HTML
  Parameters: {"id"=>"1"}
  [1m[36mCompra Load (1.0ms)[0m  [1m[34mSELECT  "compras".* FROM "compras" WHERE "compras"."id" = ? LIMIT ?[0m  [["id", 1], ["LIMIT", 1]]
  Rendering compras/show.html.erb within layouts/application
  Rendered compras/show.html.erb within layouts/application (2.0ms)
Completed 200 OK in 645ms (Views: 579.1ms | ActiveRecord: 1.0ms)


Started GET "/compras/1" for 127.0.0.1 at 2017-06-01 01:34:56 -0500
Processing by ComprasController#show as HTML
  Parameters: {"id"=>"1"}
  [1m[36mCompra Load (1.0ms)[0m  [1m[34mSELECT  "compras".* FROM "compras" WHERE "compras"."id" = ? LIMIT ?[0m  [["id", 1], ["LIMIT", 1]]
  Rendering compras/show.html.erb within layouts/application
  Rendered compras/show.html.erb within layouts/application (2.0ms)
Completed 200 OK in 729ms (Views: 646.7ms | ActiveRecord: 1.0ms)


Started GET "/compras/1" for 127.0.0.1 at 2017-06-01 01:35:30 -0500
Processing by ComprasController#show as HTML
  Parameters: {"id"=>"1"}
  [1m[36mCompra Load (0.0ms)[0m  [1m[34mSELECT  "compras".* FROM "compras" WHERE "compras"."id" = ? LIMIT ?[0m  [["id", 1], ["LIMIT", 1]]
  Rendering compras/show.html.erb within layouts/application
  Rendered compras/show.html.erb within layouts/application (2.0ms)
Completed 200 OK in 741ms (Views: 651.5ms | ActiveRecord: 0.0ms)


Started GET "/compras/1" for 127.0.0.1 at 2017-06-01 01:37:51 -0500
Processing by ComprasController#show as HTML
  Parameters: {"id"=>"1"}
  [1m[36mCompra Load (1.0ms)[0m  [1m[34mSELECT  "compras".* FROM "compras" WHERE "compras"."id" = ? LIMIT ?[0m  [["id", 1], ["LIMIT", 1]]
  Rendering compras/show.html.erb within layouts/application
  Rendered compras/show.html.erb within layouts/application (1.0ms)
Completed 200 OK in 850ms (Views: 764.4ms | ActiveRecord: 1.0ms)


Started GET "/compras" for 127.0.0.1 at 2017-06-01 01:38:00 -0500
Processing by ComprasController#index as HTML
  Rendering compras/index.html.erb within layouts/application
  [1m[36mCompra Load (1.0ms)[0m  [1m[34mSELECT "compras".* FROM "compras"[0m
  Rendered compras/index.html.erb within layouts/application (8.0ms)
Completed 200 OK in 653ms (Views: 598.6ms | ActiveRecord: 1.0ms)


Started GET "/compras/2" for 127.0.0.1 at 2017-06-01 01:38:08 -0500
Processing by ComprasController#show as HTML
  Parameters: {"id"=>"2"}
  [1m[36mCompra Load (1.0ms)[0m  [1m[34mSELECT  "compras".* FROM "compras" WHERE "compras"."id" = ? LIMIT ?[0m  [["id", 2], ["LIMIT", 1]]
  Rendering compras/show.html.erb within layouts/application
  Rendered compras/show.html.erb within layouts/application (2.0ms)
Completed 200 OK in 749ms (Views: 694.9ms | ActiveRecord: 1.0ms)


Started GET "/compras" for 127.0.0.1 at 2017-06-01 01:38:15 -0500
Processing by ComprasController#index as HTML
  Rendering compras/index.html.erb within layouts/application
  [1m[36mCompra Load (1.0ms)[0m  [1m[34mSELECT "compras".* FROM "compras"[0m
  Rendered compras/index.html.erb within layouts/application (7.0ms)
Completed 200 OK in 762ms (Views: 707.4ms | ActiveRecord: 1.0ms)


Started GET "/compras" for 127.0.0.1 at 2017-06-01 01:39:45 -0500
Processing by ComprasController#index as HTML
  Rendering compras/index.html.erb within layouts/application
  [1m[36mCompra Load (1.0ms)[0m  [1m[34mSELECT "compras".* FROM "compras"[0m
  Rendered compras/index.html.erb within layouts/application (7.0ms)
Completed 200 OK in 990ms (Views: 908.5ms | ActiveRecord: 1.0ms)


Started GET "/compras" for 127.0.0.1 at 2017-06-01 01:39:49 -0500
Processing by ComprasController#index as HTML
  Rendering compras/index.html.erb within layouts/application
  [1m[36mCompra Load (1.0ms)[0m  [1m[34mSELECT "compras".* FROM "compras"[0m
  Rendered compras/index.html.erb within layouts/application (6.0ms)
Completed 200 OK in 887ms (Views: 812.9ms | ActiveRecord: 1.0ms)


Started GET "/compras" for 127.0.0.1 at 2017-06-01 01:42:33 -0500
Processing by ComprasController#index as HTML
  Rendering compras/index.html.erb within layouts/application
  [1m[36mCompra Load (1.0ms)[0m  [1m[34mSELECT "compras".* FROM "compras"[0m
  Rendered compras/index.html.erb within layouts/application (8.0ms)
Completed 200 OK in 781ms (Views: 700.5ms | ActiveRecord: 1.0ms)


Started GET "/compras" for 127.0.0.1 at 2017-06-01 01:43:09 -0500
Processing by ComprasController#index as HTML
  Rendering compras/index.html.erb within layouts/application
  [1m[36mCompra Load (0.0ms)[0m  [1m[34mSELECT "compras".* FROM "compras"[0m
  Rendered compras/index.html.erb within layouts/application (8.0ms)
Completed 200 OK in 751ms (Views: 635.4ms | ActiveRecord: 0.0ms)


Started GET "/compras" for 127.0.0.1 at 2017-06-01 01:45:39 -0500
Processing by ComprasController#index as HTML
  Rendering compras/index.html.erb within layouts/application
  [1m[36mCompra Load (1.0ms)[0m  [1m[34mSELECT "compras".* FROM "compras"[0m
  Rendered compras/index.html.erb within layouts/application (6.0ms)
Completed 200 OK in 1021ms (Views: 938.2ms | ActiveRecord: 1.0ms)


Started GET "/" for 127.0.0.1 at 2017-06-06 13:32:57 -0500
  [1m[35m (1.0ms)[0m  [1m[34mSELECT "schema_migrations"."version" FROM "schema_migrations" ORDER BY "schema_migrations"."version" ASC[0m
Processing by Rails::WelcomeController#index as HTML
  Rendering C:/RailsInstaller/Ruby2.3.0/lib/ruby/gems/2.3.0/gems/railties-5.1.1/lib/rails/templates/rails/welcome/index.html.erb
  Rendered C:/RailsInstaller/Ruby2.3.0/lib/ruby/gems/2.3.0/gems/railties-5.1.1/lib/rails/templates/rails/welcome/index.html.erb (20.0ms)
Completed 200 OK in 376ms (Views: 236.7ms | ActiveRecord: 0.0ms)


Started GET "/compras" for 127.0.0.1 at 2017-06-06 13:33:38 -0500
Processing by ComprasController#index as HTML
  Rendering compras/index.html.erb within layouts/application
  [1m[36mCompra Load (1.0ms)[0m  [1m[34mSELECT "compras".* FROM "compras"[0m
  Rendered compras/index.html.erb within layouts/application (63.0ms)
Completed 200 OK in 3528ms (Views: 3437.5ms | ActiveRecord: 14.0ms)


Started GET "/questions/" for 127.0.0.1 at 2017-06-06 20:19:44 -0500
Started GET "/compras" for 127.0.0.1 at 2017-06-06 20:19:44 -0500
  [1m[35m (0.0ms)[0m  [1m[34mSELECT "schema_migrations"."version" FROM "schema_migrations" ORDER BY "schema_migrations"."version" ASC[0m
  
ActionController::RoutingError (No route matches [GET] "/questions"):
  
actionpack (5.1.1) lib/action_dispatch/middleware/debug_exceptions.rb:63:in `call'
web-console (3.5.1) lib/web_console/middleware.rb:135:in `call_app'
web-console (3.5.1) lib/web_console/middleware.rb:28:in `block in call'
web-console (3.5.1) lib/web_console/middleware.rb:18:in `catch'
web-console (3.5.1) lib/web_console/middleware.rb:18:in `call'
actionpack (5.1.1) lib/action_dispatch/middleware/show_exceptions.rb:31:in `call'
railties (5.1.1) lib/rails/rack/logger.rb:36:in `call_app'
railties (5.1.1) lib/rails/rack/logger.rb:24:in `block in call'
activesupport (5.1.1) lib/active_support/tagged_logging.rb:69:in `block in tagged'
activesupport (5.1.1) lib/active_support/tagged_logging.rb:26:in `tagged'
activesupport (5.1.1) lib/active_support/tagged_logging.rb:69:in `tagged'
railties (5.1.1) lib/rails/rack/logger.rb:24:in `call'
sprockets-rails (3.2.0) lib/sprockets/rails/quiet_assets.rb:13:in `call'
actionpack (5.1.1) lib/action_dispatch/middleware/remote_ip.rb:79:in `call'
actionpack (5.1.1) lib/action_dispatch/middleware/request_id.rb:25:in `call'
rack (2.0.3) lib/rack/method_override.rb:22:in `call'
rack (2.0.3) lib/rack/runtime.rb:22:in `call'
activesupport (5.1.1) lib/active_support/cache/strategy/local_cache_middleware.rb:27:in `call'
actionpack (5.1.1) lib/action_dispatch/middleware/executor.rb:12:in `call'
actionpack (5.1.1) lib/action_dispatch/middleware/static.rb:125:in `call'
rack (2.0.3) lib/rack/sendfile.rb:111:in `call'
railties (5.1.1) lib/rails/engine.rb:522:in `call'
puma (3.8.2) lib/puma/configuration.rb:224:in `call'
puma (3.8.2) lib/puma/server.rb:600:in `handle_request'
puma (3.8.2) lib/puma/server.rb:435:in `process_client'
puma (3.8.2) lib/puma/server.rb:299:in `block in run'
puma (3.8.2) lib/puma/thread_pool.rb:120:in `block in spawn_thread'
  [1m[35m (1.0ms)[0m  [1m[34mSELECT "schema_migrations"."version" FROM "schema_migrations" ORDER BY "schema_migrations"."version" ASC[0m
Processing by ComprasController#index as HTML
  Rendering compras/index.html.erb within layouts/application
  [1m[36mCompra Load (1.0ms)[0m  [1m[34mSELECT "compras".* FROM "compras"[0m
  Rendered compras/index.html.erb within layouts/application (151.2ms)
Completed 200 OK in 22038ms (Views: 21886.0ms | ActiveRecord: 3.0ms)


